Determining if the C compiler works failed with the following output:
Change Dir: C:/Users/Jonas Hamers/Desktop/Beispielverzeichnis/Build/CMakeFiles/CMakeTmp

Run Build Command:"C:/TDM-GCC-64/bin/mingw32-make.exe" "cmTryCompileExec291826227/fast"
C:/TDM-GCC-64/bin/mingw32-make.exe -f CMakeFiles\cmTryCompileExec291826227.dir\build.make CMakeFiles/cmTryCompileExec291826227.dir/build
mingw32-make.exe[1]: Entering directory 'C:/Users/Jonas Hamers/Desktop/Beispielverzeichnis/Build/CMakeFiles/CMakeTmp'
"C:\Program Files (x86)\CMake\bin\cmake.exe" -E cmake_progress_report "C:\Users\Jonas Hamers\Desktop\Beispielverzeichnis\Build\CMakeFiles\CMakeTmp\CMakeFiles" 1
Building C object CMakeFiles/cmTryCompileExec291826227.dir/testCCompiler.c.obj
C:\PROGRA~2\Arduino\hardware\tools\avr\bin\avr-gcc.exe    -o CMakeFiles\cmTryCompileExec291826227.dir\testCCompiler.c.obj   -c "C:\Users\Jonas Hamers\Desktop\Beispielverzeichnis\Build\CMakeFiles\CMakeTmp\testCCompiler.c"
Linking C executable cmTryCompileExec291826227.exe
"C:\Program Files (x86)\CMake\bin\cmake.exe" -E cmake_link_script CMakeFiles\cmTryCompileExec291826227.dir\link.txt --verbose=1
"C:\Program Files (x86)\CMake\bin\cmake.exe" -E remove -f CMakeFiles\cmTryCompileExec291826227.dir/objects.a
C:\TDM-GCC-64\bin\ar.exe cr CMakeFiles\cmTryCompileExec291826227.dir/objects.a @CMakeFiles\cmTryCompileExec291826227.dir\objects1.rsp
C:\PROGRA~2\Arduino\hardware\tools\avr\bin\avr-gcc.exe      -Wl,--whole-archive CMakeFiles\cmTryCompileExec291826227.dir/objects.a -Wl,--no-whole-archive  -o cmTryCompileExec291826227.exe -Wl,--out-implib,libcmTryCompileExec291826227.dll.a -Wl,--major-image-version,0,--minor-image-version,0 @CMakeFiles\cmTryCompileExec291826227.dir\linklibs.rsp
c:/progra~2/arduino/hardware/tools/avr/bin/../lib/gcc/avr/4.3.2/../../../../avr/bin/ld.exe: unrecognized option '--out-implib'
c:/progra~2/arduino/hardware/tools/avr/bin/../lib/gcc/avr/4.3.2/../../../../avr/bin/ld.exe: use the --help option for usage information
CMakeFiles\cmTryCompileExec291826227.dir\build.make:89: recipe for target 'cmTryCompileExec291826227.exe' failed
mingw32-make.exe[1]: *** [cmTryCompileExec291826227.exe] Error 1
mingw32-make.exe[1]: Leaving directory 'C:/Users/Jonas Hamers/Desktop/Beispielverzeichnis/Build/CMakeFiles/CMakeTmp'
Makefile:117: recipe for target 'cmTryCompileExec291826227/fast' failed
mingw32-make.exe: *** [cmTryCompileExec291826227/fast] Error 2


